\\mac\home\documents\partageable\composant2\debug\vc140.pdb
\\mac\home\documents\partageable\composant2\debug\vc140.idb
\\mac\home\documents\partageable\composant2\debug\composant2.obj
\\mac\home\documents\partageable\debug\composant2.lib
\\mac\home\documents\partageable\debug\composant2.exp
\\mac\home\documents\partageable\debug\composant2.ilk
\\mac\home\documents\partageable\debug\composant2.dll
\\mac\home\documents\partageable\debug\composant2.pdb
c:\users\timothee001\desktop\partageable\composant2\debug\composant2.obj
c:\users\timothee001\desktop\partageable\composant2\debug\vc140.idb
c:\users\timothee001\desktop\partageable\composant2\debug\vc140.pdb
c:\users\timothee001\desktop\partageable\debug\composant2.pdb
c:\users\timothee001\desktop\partageable\debug\composant2.dll
c:\users\timothee001\desktop\partageable\debug\composant2.ilk
c:\users\timothee001\desktop\partageable\composant2\debug\composant2.tlog\cl.command.1.tlog
c:\users\timothee001\desktop\partageable\composant2\debug\composant2.tlog\cl.read.1.tlog
c:\users\timothee001\desktop\partageable\composant2\debug\composant2.tlog\cl.write.1.tlog
c:\users\timothee001\desktop\partageable\composant2\debug\composant2.tlog\composant2.write.1u.tlog
c:\users\timothee001\desktop\partageable\composant2\debug\composant2.tlog\link.command.1.tlog
c:\users\timothee001\desktop\partageable\composant2\debug\composant2.tlog\link.read.1.tlog
c:\users\timothee001\desktop\partageable\composant2\debug\composant2.tlog\link.write.1.tlog
